2020-04-25 14:27:54.357  INFO 20416 --- [restartedMain] c.s.security.SecurityApplication         : Starting SecurityApplication on DESKTOP-3MA3P49 with PID 20416 (D:\krishna\workspace\java\security\build\classes\java\main started by Revature in D:\krishna\workspace\java\security)
2020-04-25 14:27:54.371  INFO 20416 --- [restartedMain] c.s.security.SecurityApplication         : No active profile set, falling back to default profiles: default
2020-04-25 14:27:54.434  INFO 20416 --- [restartedMain] .e.DevToolsPropertyDefaultsPostProcessor : Devtools property defaults active! Set 'spring.devtools.add-properties' to 'false' to disable
2020-04-25 14:27:54.435  INFO 20416 --- [restartedMain] .e.DevToolsPropertyDefaultsPostProcessor : For additional web related logging consider setting the 'logging.level.web' property to 'DEBUG'
2020-04-25 14:27:55.146  INFO 20416 --- [restartedMain] .s.d.r.c.RepositoryConfigurationDelegate : Bootstrapping Spring Data MongoDB repositories in DEFAULT mode.
2020-04-25 14:27:55.209  INFO 20416 --- [restartedMain] .s.d.r.c.RepositoryConfigurationDelegate : Finished Spring Data repository scanning in 58ms. Found 1 MongoDB repository interfaces.
2020-04-25 14:27:55.688  INFO 20416 --- [restartedMain] o.s.b.w.embedded.tomcat.TomcatWebServer  : Tomcat initialized with port(s): 9001 (http)
2020-04-25 14:27:55.701  INFO 20416 --- [restartedMain] o.apache.catalina.core.StandardService   : Starting service [Tomcat]
2020-04-25 14:27:55.702  INFO 20416 --- [restartedMain] org.apache.catalina.core.StandardEngine  : Starting Servlet engine: [Apache Tomcat/9.0.33]
2020-04-25 14:27:55.806  INFO 20416 --- [restartedMain] o.a.c.c.C.[.[localhost].[/security]      : Initializing Spring embedded WebApplicationContext
2020-04-25 14:27:55.807  INFO 20416 --- [restartedMain] o.s.web.context.ContextLoader            : Root WebApplicationContext: initialization completed in 1372 ms
2020-04-25 14:27:56.151  INFO 20416 --- [restartedMain] org.mongodb.driver.cluster               : Cluster created with settings {hosts=[localhost:27017], mode=MULTIPLE, requiredClusterType=UNKNOWN, serverSelectionTimeout='30000 ms', maxWaitQueueSize=500}
2020-04-25 14:27:56.151  INFO 20416 --- [restartedMain] org.mongodb.driver.cluster               : Adding discovered server localhost:27017 to client view of cluster
2020-04-25 14:27:56.194  INFO 20416 --- [cluster-ClusterId{value='5ea3fb943c434373e1befa91', description='null'}-localhost:27017] org.mongodb.driver.connection            : Opened connection [connectionId{localValue:1, serverValue:2}] to localhost:27017
2020-04-25 14:27:56.200  INFO 20416 --- [cluster-ClusterId{value='5ea3fb943c434373e1befa91', description='null'}-localhost:27017] org.mongodb.driver.cluster               : Monitor thread successfully connected to server with description ServerDescription{address=localhost:27017, type=STANDALONE, state=CONNECTED, ok=true, version=ServerVersion{versionList=[4, 2, 3]}, minWireVersion=0, maxWireVersion=8, maxDocumentSize=16777216, logicalSessionTimeoutMinutes=30, roundTripTimeNanos=3634700}
2020-04-25 14:27:56.201  INFO 20416 --- [cluster-ClusterId{value='5ea3fb943c434373e1befa91', description='null'}-localhost:27017] org.mongodb.driver.cluster               : Discovered cluster type of STANDALONE
2020-04-25 14:27:56.309  INFO 20416 --- [restartedMain] o.s.b.d.a.OptionalLiveReloadServer       : LiveReload server is running on port 35729
2020-04-25 14:27:56.517  INFO 20416 --- [restartedMain] o.s.s.web.DefaultSecurityFilterChain     : Creating filter chain: any request, [org.springframework.security.web.context.request.async.WebAsyncManagerIntegrationFilter@42e3d7f9, org.springframework.security.web.context.SecurityContextPersistenceFilter@5cb2da39, org.springframework.security.web.header.HeaderWriterFilter@6bfdfef6, org.springframework.security.web.csrf.CsrfFilter@55a2e40f, org.springframework.security.web.authentication.logout.LogoutFilter@637b0a28, org.springframework.security.web.authentication.UsernamePasswordAuthenticationFilter@641d613b, org.springframework.security.web.authentication.ui.DefaultLoginPageGeneratingFilter@487c97ce, org.springframework.security.web.authentication.ui.DefaultLogoutPageGeneratingFilter@4fe9e2c0, org.springframework.security.web.savedrequest.RequestCacheAwareFilter@21d759d1, org.springframework.security.web.servletapi.SecurityContextHolderAwareRequestFilter@27dc3463, org.springframework.security.web.authentication.AnonymousAuthenticationFilter@54c03f3a, org.springframework.security.web.session.SessionManagementFilter@4bf62a9b, org.springframework.security.web.access.ExceptionTranslationFilter@6c768d47, org.springframework.security.web.access.intercept.FilterSecurityInterceptor@55c1b569]
2020-04-25 14:27:56.618  INFO 20416 --- [restartedMain] o.s.s.concurrent.ThreadPoolTaskExecutor  : Initializing ExecutorService 'applicationTaskExecutor'
2020-04-25 14:27:56.762  INFO 20416 --- [restartedMain] o.s.b.w.embedded.tomcat.TomcatWebServer  : Tomcat started on port(s): 9001 (http) with context path '/security'
2020-04-25 14:27:56.765  INFO 20416 --- [restartedMain] c.s.security.SecurityApplication         : Started SecurityApplication in 2.946 seconds (JVM running for 5.448)
2020-04-25 15:06:43.385  INFO 20416 --- [http-nio-9001-exec-1] o.a.c.c.C.[.[localhost].[/security]      : Initializing Spring DispatcherServlet 'dispatcherServlet'
2020-04-25 15:06:43.386  INFO 20416 --- [http-nio-9001-exec-1] o.s.web.servlet.DispatcherServlet        : Initializing Servlet 'dispatcherServlet'
2020-04-25 15:06:43.392  INFO 20416 --- [http-nio-9001-exec-1] o.s.web.servlet.DispatcherServlet        : Completed initialization in 6 ms
2020-04-25 15:06:43.758  WARN 20416 --- [http-nio-9001-exec-1] o.a.c.util.SessionIdGeneratorBase        : Creation of SecureRandom instance for session ID generation using [SHA1PRNG] took [332] milliseconds.
2020-04-25 15:06:58.390  INFO 3080 --- [restartedMain] c.s.security.SecurityApplication         : Starting SecurityApplication on DESKTOP-3MA3P49 with PID 3080 (D:\krishna\workspace\java\security\build\classes\java\main started by Revature in D:\krishna\workspace\java\security)
2020-04-25 15:06:58.394  INFO 3080 --- [restartedMain] c.s.security.SecurityApplication         : No active profile set, falling back to default profiles: default
2020-04-25 15:06:58.442  INFO 3080 --- [restartedMain] .e.DevToolsPropertyDefaultsPostProcessor : Devtools property defaults active! Set 'spring.devtools.add-properties' to 'false' to disable
2020-04-25 15:06:58.442  INFO 3080 --- [restartedMain] .e.DevToolsPropertyDefaultsPostProcessor : For additional web related logging consider setting the 'logging.level.web' property to 'DEBUG'
2020-04-25 15:06:59.045  INFO 3080 --- [restartedMain] .s.d.r.c.RepositoryConfigurationDelegate : Bootstrapping Spring Data MongoDB repositories in DEFAULT mode.
2020-04-25 15:06:59.095  INFO 3080 --- [restartedMain] .s.d.r.c.RepositoryConfigurationDelegate : Finished Spring Data repository scanning in 46ms. Found 1 MongoDB repository interfaces.
2020-04-25 15:06:59.615  INFO 3080 --- [restartedMain] o.s.b.w.embedded.tomcat.TomcatWebServer  : Tomcat initialized with port(s): 9001 (http)
2020-04-25 15:06:59.623  INFO 3080 --- [restartedMain] o.apache.catalina.core.StandardService   : Starting service [Tomcat]
2020-04-25 15:06:59.624  INFO 3080 --- [restartedMain] org.apache.catalina.core.StandardEngine  : Starting Servlet engine: [Apache Tomcat/9.0.33]
2020-04-25 15:06:59.701  INFO 3080 --- [restartedMain] o.a.c.c.C.[.[localhost].[/security]      : Initializing Spring embedded WebApplicationContext
2020-04-25 15:06:59.702  INFO 3080 --- [restartedMain] o.s.web.context.ContextLoader            : Root WebApplicationContext: initialization completed in 1259 ms
2020-04-25 15:07:00.015  INFO 3080 --- [restartedMain] org.mongodb.driver.cluster               : Cluster created with settings {hosts=[localhost:27017], mode=MULTIPLE, requiredClusterType=UNKNOWN, serverSelectionTimeout='30000 ms', maxWaitQueueSize=500}
2020-04-25 15:07:00.015  INFO 3080 --- [restartedMain] org.mongodb.driver.cluster               : Adding discovered server localhost:27017 to client view of cluster
2020-04-25 15:07:00.057  INFO 3080 --- [cluster-ClusterId{value='5ea404bc4ae25c3ffcf7d562', description='null'}-localhost:27017] org.mongodb.driver.connection            : Opened connection [connectionId{localValue:1, serverValue:3}] to localhost:27017
2020-04-25 15:07:00.061  INFO 3080 --- [cluster-ClusterId{value='5ea404bc4ae25c3ffcf7d562', description='null'}-localhost:27017] org.mongodb.driver.cluster               : Monitor thread successfully connected to server with description ServerDescription{address=localhost:27017, type=STANDALONE, state=CONNECTED, ok=true, version=ServerVersion{versionList=[4, 2, 3]}, minWireVersion=0, maxWireVersion=8, maxDocumentSize=16777216, logicalSessionTimeoutMinutes=30, roundTripTimeNanos=2386200}
2020-04-25 15:07:00.063  INFO 3080 --- [cluster-ClusterId{value='5ea404bc4ae25c3ffcf7d562', description='null'}-localhost:27017] org.mongodb.driver.cluster               : Discovered cluster type of STANDALONE
2020-04-25 15:07:00.163  INFO 3080 --- [restartedMain] o.s.b.d.a.OptionalLiveReloadServer       : LiveReload server is running on port 35729
2020-04-25 15:07:00.372  INFO 3080 --- [restartedMain] o.s.s.web.DefaultSecurityFilterChain     : Creating filter chain: any request, [org.springframework.security.web.context.request.async.WebAsyncManagerIntegrationFilter@1ba24cca, org.springframework.security.web.context.SecurityContextPersistenceFilter@1f521aa5, org.springframework.security.web.header.HeaderWriterFilter@5678d33f, org.springframework.security.web.csrf.CsrfFilter@8680979, org.springframework.security.web.authentication.logout.LogoutFilter@f7b6997, org.springframework.security.web.authentication.UsernamePasswordAuthenticationFilter@7533ea7d, org.springframework.security.web.authentication.ui.DefaultLoginPageGeneratingFilter@2375bf42, org.springframework.security.web.authentication.ui.DefaultLogoutPageGeneratingFilter@10a8938e, org.springframework.security.web.savedrequest.RequestCacheAwareFilter@378e3eaf, org.springframework.security.web.servletapi.SecurityContextHolderAwareRequestFilter@67040691, org.springframework.security.web.authentication.AnonymousAuthenticationFilter@53dbba57, org.springframework.security.web.session.SessionManagementFilter@3ef76c01, org.springframework.security.web.access.ExceptionTranslationFilter@3d6ddc27, org.springframework.security.web.access.intercept.FilterSecurityInterceptor@4a20755]
2020-04-25 15:07:00.479  INFO 3080 --- [restartedMain] o.s.s.concurrent.ThreadPoolTaskExecutor  : Initializing ExecutorService 'applicationTaskExecutor'
2020-04-25 15:07:00.649  INFO 3080 --- [restartedMain] o.s.b.w.embedded.tomcat.TomcatWebServer  : Tomcat started on port(s): 9001 (http) with context path '/security'
2020-04-25 15:07:00.652  INFO 3080 --- [restartedMain] c.s.security.SecurityApplication         : Started SecurityApplication in 2.642 seconds (JVM running for 4.192)
2020-04-25 15:07:26.788  INFO 3080 --- [http-nio-9001-exec-1] o.a.c.c.C.[.[localhost].[/security]      : Initializing Spring DispatcherServlet 'dispatcherServlet'
2020-04-25 15:07:26.788  INFO 3080 --- [http-nio-9001-exec-1] o.s.web.servlet.DispatcherServlet        : Initializing Servlet 'dispatcherServlet'
2020-04-25 15:07:26.793  INFO 3080 --- [http-nio-9001-exec-1] o.s.web.servlet.DispatcherServlet        : Completed initialization in 5 ms
2020-04-25 15:07:27.134  WARN 3080 --- [http-nio-9001-exec-1] o.a.c.util.SessionIdGeneratorBase        : Creation of SecureRandom instance for session ID generation using [SHA1PRNG] took [326] milliseconds.
2020-04-25 15:07:49.840  INFO 3080 --- [http-nio-9001-exec-3] org.mongodb.driver.connection            : Opened connection [connectionId{localValue:2, serverValue:4}] to localhost:27017
2020-04-25 15:09:30.426  INFO 3080 --- [SpringContextShutdownHook] o.s.s.concurrent.ThreadPoolTaskExecutor  : Shutting down ExecutorService 'applicationTaskExecutor'
2020-04-25 15:09:30.430  INFO 3080 --- [SpringContextShutdownHook] org.mongodb.driver.connection            : Closed connection [connectionId{localValue:2, serverValue:4}] to localhost:27017 because the pool has been closed.
2020-04-25 15:09:34.719  INFO 19784 --- [restartedMain] c.s.security.SecurityApplication         : Starting SecurityApplication on DESKTOP-3MA3P49 with PID 19784 (D:\krishna\workspace\java\security\build\classes\java\main started by Revature in D:\krishna\workspace\java\security)
2020-04-25 15:09:34.722  INFO 19784 --- [restartedMain] c.s.security.SecurityApplication         : No active profile set, falling back to default profiles: default
2020-04-25 15:09:34.764  INFO 19784 --- [restartedMain] .e.DevToolsPropertyDefaultsPostProcessor : Devtools property defaults active! Set 'spring.devtools.add-properties' to 'false' to disable
2020-04-25 15:09:34.765  INFO 19784 --- [restartedMain] .e.DevToolsPropertyDefaultsPostProcessor : For additional web related logging consider setting the 'logging.level.web' property to 'DEBUG'
2020-04-25 15:09:35.346  INFO 19784 --- [restartedMain] .s.d.r.c.RepositoryConfigurationDelegate : Bootstrapping Spring Data MongoDB repositories in DEFAULT mode.
2020-04-25 15:09:35.397  INFO 19784 --- [restartedMain] .s.d.r.c.RepositoryConfigurationDelegate : Finished Spring Data repository scanning in 47ms. Found 1 MongoDB repository interfaces.
2020-04-25 15:09:35.850  INFO 19784 --- [restartedMain] o.s.b.w.embedded.tomcat.TomcatWebServer  : Tomcat initialized with port(s): 9001 (http)
2020-04-25 15:09:35.858  INFO 19784 --- [restartedMain] o.apache.catalina.core.StandardService   : Starting service [Tomcat]
2020-04-25 15:09:35.859  INFO 19784 --- [restartedMain] org.apache.catalina.core.StandardEngine  : Starting Servlet engine: [Apache Tomcat/9.0.33]
2020-04-25 15:09:35.929  INFO 19784 --- [restartedMain] o.a.c.c.C.[.[localhost].[/security]      : Initializing Spring embedded WebApplicationContext
2020-04-25 15:09:35.930  INFO 19784 --- [restartedMain] o.s.web.context.ContextLoader            : Root WebApplicationContext: initialization completed in 1165 ms
2020-04-25 15:09:36.212  INFO 19784 --- [restartedMain] org.mongodb.driver.cluster               : Cluster created with settings {hosts=[localhost:27017], mode=MULTIPLE, requiredClusterType=UNKNOWN, serverSelectionTimeout='30000 ms', maxWaitQueueSize=500}
2020-04-25 15:09:36.212  INFO 19784 --- [restartedMain] org.mongodb.driver.cluster               : Adding discovered server localhost:27017 to client view of cluster
2020-04-25 15:09:36.252  INFO 19784 --- [cluster-ClusterId{value='5ea40558a8764e15f1c445ef', description='null'}-localhost:27017] org.mongodb.driver.connection            : Opened connection [connectionId{localValue:1, serverValue:5}] to localhost:27017
2020-04-25 15:09:36.257  INFO 19784 --- [cluster-ClusterId{value='5ea40558a8764e15f1c445ef', description='null'}-localhost:27017] org.mongodb.driver.cluster               : Monitor thread successfully connected to server with description ServerDescription{address=localhost:27017, type=STANDALONE, state=CONNECTED, ok=true, version=ServerVersion{versionList=[4, 2, 3]}, minWireVersion=0, maxWireVersion=8, maxDocumentSize=16777216, logicalSessionTimeoutMinutes=30, roundTripTimeNanos=2737900}
2020-04-25 15:09:36.258  INFO 19784 --- [cluster-ClusterId{value='5ea40558a8764e15f1c445ef', description='null'}-localhost:27017] org.mongodb.driver.cluster               : Discovered cluster type of STANDALONE
2020-04-25 15:09:36.355  INFO 19784 --- [restartedMain] o.s.b.d.a.OptionalLiveReloadServer       : LiveReload server is running on port 35729
2020-04-25 15:09:36.557  INFO 19784 --- [restartedMain] o.s.s.web.DefaultSecurityFilterChain     : Creating filter chain: any request, [org.springframework.security.web.context.request.async.WebAsyncManagerIntegrationFilter@28fc5397, org.springframework.security.web.context.SecurityContextPersistenceFilter@7571dd3d, org.springframework.security.web.header.HeaderWriterFilter@1fb84a50, org.springframework.security.web.csrf.CsrfFilter@ccf5ca2, org.springframework.security.web.authentication.logout.LogoutFilter@1c3f1a4a, org.springframework.security.web.authentication.UsernamePasswordAuthenticationFilter@89e0467, org.springframework.security.web.authentication.ui.DefaultLoginPageGeneratingFilter@a580c7c, org.springframework.security.web.authentication.ui.DefaultLogoutPageGeneratingFilter@bca85d2, org.springframework.security.web.savedrequest.RequestCacheAwareFilter@45520d03, org.springframework.security.web.servletapi.SecurityContextHolderAwareRequestFilter@60f9abff, org.springframework.security.web.authentication.AnonymousAuthenticationFilter@4c23ab22, org.springframework.security.web.session.SessionManagementFilter@6bfbb37, org.springframework.security.web.access.ExceptionTranslationFilter@7b5a3e7a, org.springframework.security.web.access.intercept.FilterSecurityInterceptor@64a3eb20]
2020-04-25 15:09:36.663  INFO 19784 --- [restartedMain] o.s.s.concurrent.ThreadPoolTaskExecutor  : Initializing ExecutorService 'applicationTaskExecutor'
2020-04-25 15:09:36.801  INFO 19784 --- [restartedMain] o.s.b.w.embedded.tomcat.TomcatWebServer  : Tomcat started on port(s): 9001 (http) with context path '/security'
2020-04-25 15:09:36.805  INFO 19784 --- [restartedMain] c.s.security.SecurityApplication         : Started SecurityApplication in 2.494 seconds (JVM running for 3.754)
2020-04-25 15:09:41.518  INFO 19784 --- [http-nio-9001-exec-1] o.a.c.c.C.[.[localhost].[/security]      : Initializing Spring DispatcherServlet 'dispatcherServlet'
2020-04-25 15:09:41.519  INFO 19784 --- [http-nio-9001-exec-1] o.s.web.servlet.DispatcherServlet        : Initializing Servlet 'dispatcherServlet'
2020-04-25 15:09:41.524  INFO 19784 --- [http-nio-9001-exec-1] o.s.web.servlet.DispatcherServlet        : Completed initialization in 5 ms
2020-04-25 15:10:01.105  INFO 19784 --- [http-nio-9001-exec-5] org.mongodb.driver.connection            : Opened connection [connectionId{localValue:2, serverValue:6}] to localhost:27017
2020-04-25 15:10:01.459  WARN 19784 --- [http-nio-9001-exec-5] o.a.c.util.SessionIdGeneratorBase        : Creation of SecureRandom instance for session ID generation using [SHA1PRNG] took [323] milliseconds.
2020-04-25 15:15:05.552  INFO 19784 --- [SpringContextShutdownHook] o.s.s.concurrent.ThreadPoolTaskExecutor  : Shutting down ExecutorService 'applicationTaskExecutor'
2020-04-25 15:15:05.556  INFO 19784 --- [SpringContextShutdownHook] org.mongodb.driver.connection            : Closed connection [connectionId{localValue:2, serverValue:6}] to localhost:27017 because the pool has been closed.
2020-04-25 15:15:08.947  INFO 14880 --- [restartedMain] c.s.security.SecurityApplication         : Starting SecurityApplication on DESKTOP-3MA3P49 with PID 14880 (D:\krishna\workspace\java\security\build\classes\java\main started by Revature in D:\krishna\workspace\java\security)
2020-04-25 15:15:08.950  INFO 14880 --- [restartedMain] c.s.security.SecurityApplication         : No active profile set, falling back to default profiles: default
2020-04-25 15:15:09.000  INFO 14880 --- [restartedMain] .e.DevToolsPropertyDefaultsPostProcessor : Devtools property defaults active! Set 'spring.devtools.add-properties' to 'false' to disable
2020-04-25 15:15:09.001  INFO 14880 --- [restartedMain] .e.DevToolsPropertyDefaultsPostProcessor : For additional web related logging consider setting the 'logging.level.web' property to 'DEBUG'
2020-04-25 15:15:09.572  INFO 14880 --- [restartedMain] .s.d.r.c.RepositoryConfigurationDelegate : Bootstrapping Spring Data MongoDB repositories in DEFAULT mode.
2020-04-25 15:15:09.620  INFO 14880 --- [restartedMain] .s.d.r.c.RepositoryConfigurationDelegate : Finished Spring Data repository scanning in 45ms. Found 1 MongoDB repository interfaces.
2020-04-25 15:15:10.067  INFO 14880 --- [restartedMain] o.s.b.w.embedded.tomcat.TomcatWebServer  : Tomcat initialized with port(s): 9001 (http)
2020-04-25 15:15:10.075  INFO 14880 --- [restartedMain] o.apache.catalina.core.StandardService   : Starting service [Tomcat]
2020-04-25 15:15:10.075  INFO 14880 --- [restartedMain] org.apache.catalina.core.StandardEngine  : Starting Servlet engine: [Apache Tomcat/9.0.33]
2020-04-25 15:15:10.144  INFO 14880 --- [restartedMain] o.a.c.c.C.[.[localhost].[/security]      : Initializing Spring embedded WebApplicationContext
2020-04-25 15:15:10.144  INFO 14880 --- [restartedMain] o.s.web.context.ContextLoader            : Root WebApplicationContext: initialization completed in 1143 ms
2020-04-25 15:15:10.406  INFO 14880 --- [restartedMain] org.mongodb.driver.cluster               : Cluster created with settings {hosts=[localhost:27017], mode=MULTIPLE, requiredClusterType=UNKNOWN, serverSelectionTimeout='30000 ms', maxWaitQueueSize=500}
2020-04-25 15:15:10.406  INFO 14880 --- [restartedMain] org.mongodb.driver.cluster               : Adding discovered server localhost:27017 to client view of cluster
2020-04-25 15:15:10.448  INFO 14880 --- [cluster-ClusterId{value='5ea406a655b5601cfc71ddbf', description='null'}-localhost:27017] org.mongodb.driver.connection            : Opened connection [connectionId{localValue:1, serverValue:7}] to localhost:27017
2020-04-25 15:15:10.453  INFO 14880 --- [cluster-ClusterId{value='5ea406a655b5601cfc71ddbf', description='null'}-localhost:27017] org.mongodb.driver.cluster               : Monitor thread successfully connected to server with description ServerDescription{address=localhost:27017, type=STANDALONE, state=CONNECTED, ok=true, version=ServerVersion{versionList=[4, 2, 3]}, minWireVersion=0, maxWireVersion=8, maxDocumentSize=16777216, logicalSessionTimeoutMinutes=30, roundTripTimeNanos=2731300}
2020-04-25 15:15:10.454  INFO 14880 --- [cluster-ClusterId{value='5ea406a655b5601cfc71ddbf', description='null'}-localhost:27017] org.mongodb.driver.cluster               : Discovered cluster type of STANDALONE
2020-04-25 15:15:10.554  INFO 14880 --- [restartedMain] o.s.b.d.a.OptionalLiveReloadServer       : LiveReload server is running on port 35729
2020-04-25 15:15:10.764  INFO 14880 --- [restartedMain] o.s.s.web.DefaultSecurityFilterChain     : Creating filter chain: any request, [org.springframework.security.web.context.request.async.WebAsyncManagerIntegrationFilter@1aa4bd28, org.springframework.security.web.context.SecurityContextPersistenceFilter@1ba74f9f, org.springframework.security.web.header.HeaderWriterFilter@30652ef0, org.springframework.security.web.csrf.CsrfFilter@1fd61f22, org.springframework.security.web.authentication.logout.LogoutFilter@59e747cb, org.springframework.security.web.authentication.UsernamePasswordAuthenticationFilter@375cfbf7, org.springframework.security.web.authentication.ui.DefaultLoginPageGeneratingFilter@6402ef30, org.springframework.security.web.authentication.ui.DefaultLogoutPageGeneratingFilter@d667db1, org.springframework.security.web.savedrequest.RequestCacheAwareFilter@20df4585, org.springframework.security.web.servletapi.SecurityContextHolderAwareRequestFilter@55e20404, org.springframework.security.web.authentication.AnonymousAuthenticationFilter@6a9d765d, org.springframework.security.web.session.SessionManagementFilter@2325e2d8, org.springframework.security.web.access.ExceptionTranslationFilter@49e0ea1c, org.springframework.security.web.access.intercept.FilterSecurityInterceptor@2a5c8742]
2020-04-25 15:15:10.873  INFO 14880 --- [restartedMain] o.s.s.concurrent.ThreadPoolTaskExecutor  : Initializing ExecutorService 'applicationTaskExecutor'
2020-04-25 15:15:11.018  INFO 14880 --- [restartedMain] o.s.b.w.embedded.tomcat.TomcatWebServer  : Tomcat started on port(s): 9001 (http) with context path '/security'
2020-04-25 15:15:11.022  INFO 14880 --- [restartedMain] c.s.security.SecurityApplication         : Started SecurityApplication in 2.459 seconds (JVM running for 3.666)
2020-04-25 15:18:08.340  INFO 14880 --- [SpringContextShutdownHook] o.s.s.concurrent.ThreadPoolTaskExecutor  : Shutting down ExecutorService 'applicationTaskExecutor'
2020-04-25 15:18:12.280  INFO 1508 --- [restartedMain] c.s.security.SecurityApplication         : Starting SecurityApplication on DESKTOP-3MA3P49 with PID 1508 (D:\krishna\workspace\java\security\build\classes\java\main started by Revature in D:\krishna\workspace\java\security)
2020-04-25 15:18:12.282  INFO 1508 --- [restartedMain] c.s.security.SecurityApplication         : No active profile set, falling back to default profiles: default
2020-04-25 15:18:12.334  INFO 1508 --- [restartedMain] .e.DevToolsPropertyDefaultsPostProcessor : Devtools property defaults active! Set 'spring.devtools.add-properties' to 'false' to disable
2020-04-25 15:18:12.335  INFO 1508 --- [restartedMain] .e.DevToolsPropertyDefaultsPostProcessor : For additional web related logging consider setting the 'logging.level.web' property to 'DEBUG'
2020-04-25 15:18:12.938  INFO 1508 --- [restartedMain] .s.d.r.c.RepositoryConfigurationDelegate : Bootstrapping Spring Data MongoDB repositories in DEFAULT mode.
2020-04-25 15:18:12.993  INFO 1508 --- [restartedMain] .s.d.r.c.RepositoryConfigurationDelegate : Finished Spring Data repository scanning in 50ms. Found 1 MongoDB repository interfaces.
2020-04-25 15:18:13.451  INFO 1508 --- [restartedMain] o.s.b.w.embedded.tomcat.TomcatWebServer  : Tomcat initialized with port(s): 9001 (http)
2020-04-25 15:18:13.460  INFO 1508 --- [restartedMain] o.apache.catalina.core.StandardService   : Starting service [Tomcat]
2020-04-25 15:18:13.460  INFO 1508 --- [restartedMain] org.apache.catalina.core.StandardEngine  : Starting Servlet engine: [Apache Tomcat/9.0.33]
2020-04-25 15:18:13.536  INFO 1508 --- [restartedMain] o.a.c.c.C.[.[localhost].[/security]      : Initializing Spring embedded WebApplicationContext
2020-04-25 15:18:13.536  INFO 1508 --- [restartedMain] o.s.web.context.ContextLoader            : Root WebApplicationContext: initialization completed in 1201 ms
2020-04-25 15:18:13.817  INFO 1508 --- [restartedMain] org.mongodb.driver.cluster               : Cluster created with settings {hosts=[localhost:27017], mode=MULTIPLE, requiredClusterType=UNKNOWN, serverSelectionTimeout='30000 ms', maxWaitQueueSize=500}
2020-04-25 15:18:13.817  INFO 1508 --- [restartedMain] org.mongodb.driver.cluster               : Adding discovered server localhost:27017 to client view of cluster
2020-04-25 15:18:13.858  INFO 1508 --- [cluster-ClusterId{value='5ea4075dc310790148e13050', description='null'}-localhost:27017] org.mongodb.driver.connection            : Opened connection [connectionId{localValue:1, serverValue:8}] to localhost:27017
2020-04-25 15:18:13.863  INFO 1508 --- [cluster-ClusterId{value='5ea4075dc310790148e13050', description='null'}-localhost:27017] org.mongodb.driver.cluster               : Monitor thread successfully connected to server with description ServerDescription{address=localhost:27017, type=STANDALONE, state=CONNECTED, ok=true, version=ServerVersion{versionList=[4, 2, 3]}, minWireVersion=0, maxWireVersion=8, maxDocumentSize=16777216, logicalSessionTimeoutMinutes=30, roundTripTimeNanos=2638800}
2020-04-25 15:18:13.864  INFO 1508 --- [cluster-ClusterId{value='5ea4075dc310790148e13050', description='null'}-localhost:27017] org.mongodb.driver.cluster               : Discovered cluster type of STANDALONE
2020-04-25 15:18:13.964  INFO 1508 --- [restartedMain] o.s.b.d.a.OptionalLiveReloadServer       : LiveReload server is running on port 35729
2020-04-25 15:18:29.763  INFO 1508 --- [restartedMain] o.s.s.web.DefaultSecurityFilterChain     : Creating filter chain: any request, [org.springframework.security.web.context.request.async.WebAsyncManagerIntegrationFilter@7e5104a3, org.springframework.security.web.context.SecurityContextPersistenceFilter@313a0b2d, org.springframework.security.web.header.HeaderWriterFilter@5c887232, org.springframework.security.web.csrf.CsrfFilter@1110559f, org.springframework.security.web.authentication.logout.LogoutFilter@17614ae6, org.springframework.security.web.authentication.UsernamePasswordAuthenticationFilter@100d3f82, org.springframework.security.web.authentication.ui.DefaultLoginPageGeneratingFilter@4e9b65ee, org.springframework.security.web.authentication.ui.DefaultLogoutPageGeneratingFilter@fae46a3, org.springframework.security.web.savedrequest.RequestCacheAwareFilter@3b8eb7bd, org.springframework.security.web.servletapi.SecurityContextHolderAwareRequestFilter@138a0cbb, org.springframework.security.web.authentication.AnonymousAuthenticationFilter@4e6dffe2, org.springframework.security.web.session.SessionManagementFilter@7615f8f3, org.springframework.security.web.access.ExceptionTranslationFilter@212c8a00, org.springframework.security.web.access.intercept.FilterSecurityInterceptor@36caa3a0]
2020-04-25 15:18:29.897  INFO 1508 --- [restartedMain] o.s.s.concurrent.ThreadPoolTaskExecutor  : Initializing ExecutorService 'applicationTaskExecutor'
2020-04-25 15:18:30.060  INFO 1508 --- [restartedMain] o.s.b.w.embedded.tomcat.TomcatWebServer  : Tomcat started on port(s): 9001 (http) with context path '/security'
2020-04-25 15:18:30.064  INFO 1508 --- [restartedMain] c.s.security.SecurityApplication         : Started SecurityApplication in 18.212 seconds (JVM running for 19.458)
2020-04-25 15:18:34.817  INFO 1508 --- [http-nio-9001-exec-1] o.a.c.c.C.[.[localhost].[/security]      : Initializing Spring DispatcherServlet 'dispatcherServlet'
2020-04-25 15:18:34.817  INFO 1508 --- [http-nio-9001-exec-1] o.s.web.servlet.DispatcherServlet        : Initializing Servlet 'dispatcherServlet'
2020-04-25 15:18:34.822  INFO 1508 --- [http-nio-9001-exec-1] o.s.web.servlet.DispatcherServlet        : Completed initialization in 5 ms
2020-04-25 15:18:41.979  INFO 1508 --- [http-nio-9001-exec-1] org.mongodb.driver.connection            : Opened connection [connectionId{localValue:2, serverValue:9}] to localhost:27017
